<?xml version="1.0" encoding="UTF-8"?>
<robot generator="Robot 4.1.2 (Python 3.10.0 on darwin)" generated="20211123 17:27:34.602" rpa="false" schemaversion="2">
<suite id="s1" name="Purchase" source="/Users/hohung/Documents/Bread/Banh_Beo/TestSuite/Purchase.robot">
<test id="s1-t1" name="Purchase_A_Package">
<kw name="Set Selenium Speed" library="SeleniumLibrary" type="SETUP">
<arg>0.5</arg>
<doc>Sets the delay that is waited after each Selenium command.</doc>
<status status="PASS" starttime="20211123 17:27:34.766" endtime="20211123 17:27:34.766"/>
</kw>
<kw name="Navigate_To_United_Kingdom_Site" library="KW_Shopify">
<kw name="Navigate_to_Landing_Page" library="KW_Common">
<arg>Shopify</arg>
<arg>${Shopify_URL}</arg>
<kw name="Open Browser" library="SeleniumLibrary">
<arg>${URL}</arg>
<arg>${BROWSER}</arg>
<arg>${Alias}</arg>
<doc>Opens a new browser instance to the optional ``url``.</doc>
<msg timestamp="20211123 17:27:34.766" level="INFO">Opening browser 'Chrome' to base url 'https://collinsonteststore.myshopify.com/'.</msg>
<kw name="Capture Page Screenshot" library="SeleniumLibrary">
<doc>Takes a screenshot of the current page and embeds it into a log file.</doc>
<msg timestamp="20211123 17:27:34.769" level="INFO">Cannot capture screenshot because no browser is open.</msg>
<status status="PASS" starttime="20211123 17:27:34.769" endtime="20211123 17:27:34.769"/>
</kw>
<msg timestamp="20211123 17:27:34.772" level="FAIL">WebDriverException: Message: 'chromedriver' executable needs to be in PATH. Please see https://chromedriver.chromium.org/home
</msg>
<status status="FAIL" starttime="20211123 17:27:34.766" endtime="20211123 17:27:34.772"/>
</kw>
<kw name="Set Window Size" library="SeleniumLibrary">
<arg>1920</arg>
<arg>1080</arg>
<doc>Sets current windows size to given ``width`` and ``height``.</doc>
<status status="NOT RUN" starttime="20211123 17:27:34.773" endtime="20211123 17:27:34.773"/>
</kw>
<status status="FAIL" starttime="20211123 17:27:34.766" endtime="20211123 17:27:34.773"/>
</kw>
<kw name="Wait_and_Click_Element" library="KW_Common">
<arg>${Shop_Password_Btn}</arg>
<status status="NOT RUN" starttime="20211123 17:27:34.773" endtime="20211123 17:27:34.773"/>
</kw>
<kw name="Wait_and_Input_Text" library="KW_Common">
<arg>${Shop_Password_Box}</arg>
<arg>collinson</arg>
<status status="NOT RUN" starttime="20211123 17:27:34.773" endtime="20211123 17:27:34.773"/>
</kw>
<kw name="Wait_and_Click_Element" library="KW_Common">
<arg>${Shop_Enter_Btn}</arg>
<status status="NOT RUN" starttime="20211123 17:27:34.773" endtime="20211123 17:27:34.773"/>
</kw>
<kw name="Wait_and_Hover_Element" library="KW_Common">
<arg>${Shop_Shop_Dropdown}</arg>
<status status="NOT RUN" starttime="20211123 17:27:34.773" endtime="20211123 17:27:34.773"/>
</kw>
<kw name="Wait_and_Click_Element" library="KW_Common">
<arg>${Shop_Shop_Dropdown_UK}</arg>
<status status="NOT RUN" starttime="20211123 17:27:34.773" endtime="20211123 17:27:34.773"/>
</kw>
<status status="FAIL" starttime="20211123 17:27:34.766" endtime="20211123 17:27:34.774"/>
</kw>
<kw name="Close All Browsers" library="SeleniumLibrary" type="TEARDOWN">
<doc>Closes all open browsers and resets the browser cache.</doc>
<status status="PASS" starttime="20211123 17:27:34.774" endtime="20211123 17:27:34.774"/>
</kw>
<status status="FAIL" starttime="20211123 17:27:34.765" endtime="20211123 17:27:34.774">WebDriverException: Message: 'chromedriver' executable needs to be in PATH. Please see https://chromedriver.chromium.org/home
</status>
</test>
<status status="FAIL" starttime="20211123 17:27:34.603" endtime="20211123 17:27:34.774"/>
</suite>
<statistics>
<total>
<stat pass="0" fail="1" skip="0">All Tests</stat>
</total>
<tag>
</tag>
<suite>
<stat pass="0" fail="1" skip="0" id="s1" name="Purchase">Purchase</stat>
</suite>
</statistics>
<errors>
</errors>
</robot>
