<?xml version="1.0" encoding="UTF-8"?>
<robot generator="Robot 4.1.2 (Python 3.10.0 on darwin)" generated="20211121 13:15:04.926" rpa="false" schemaversion="2">
<suite id="s1" name="Login" source="/Users/hohung/Documents/Bread/Banh_Beo/TestSuite/Login.robot">
<test id="s1-t1" name="Imap">
<kw name="Set Selenium Speed" library="SeleniumLibrary" type="SETUP">
<arg>0.5</arg>
<doc>Sets the delay that is waited after each Selenium command.</doc>
<status status="PASS" starttime="20211121 13:15:05.045" endtime="20211121 13:15:05.045"/>
</kw>
<kw name="Navigate_to_Landing_Page" library="Common">
<arg>Landing</arg>
<kw name="Open Browser" library="SeleniumLibrary">
<arg>${URL_UAT}</arg>
<arg>${BROWSER}</arg>
<arg>${Alias}</arg>
<doc>Opens a new browser instance to the optional ``url``.</doc>
<msg timestamp="20211121 13:15:05.045" level="INFO">Opening browser 'Chrome' to base url 'https://mcall-uat.motionscloud.com/users/sign_in?locale=en'.</msg>
<kw name="Capture Page Screenshot" library="SeleniumLibrary">
<doc>Takes a screenshot of the current page and embeds it into a log file.</doc>
<msg timestamp="20211121 13:15:05.048" level="INFO">Cannot capture screenshot because no browser is open.</msg>
<status status="PASS" starttime="20211121 13:15:05.048" endtime="20211121 13:15:05.048"/>
</kw>
<msg timestamp="20211121 13:15:05.050" level="FAIL">WebDriverException: Message: 'chromedriver' executable needs to be in PATH. Please see https://chromedriver.chromium.org/home
</msg>
<status status="FAIL" starttime="20211121 13:15:05.045" endtime="20211121 13:15:05.050"/>
</kw>
<kw name="Maximize Browser Window" library="SeleniumLibrary">
<doc>Maximizes current browser window.</doc>
<status status="NOT RUN" starttime="20211121 13:15:05.050" endtime="20211121 13:15:05.050"/>
</kw>
<status status="FAIL" starttime="20211121 13:15:05.045" endtime="20211121 13:15:05.051"/>
</kw>
<kw name="Close All Browsers" library="SeleniumLibrary" type="TEARDOWN">
<doc>Closes all open browsers and resets the browser cache.</doc>
<status status="PASS" starttime="20211121 13:15:05.051" endtime="20211121 13:15:05.051"/>
</kw>
<status status="FAIL" starttime="20211121 13:15:05.044" endtime="20211121 13:15:05.051">WebDriverException: Message: 'chromedriver' executable needs to be in PATH. Please see https://chromedriver.chromium.org/home
</status>
</test>
<status status="FAIL" starttime="20211121 13:15:04.926" endtime="20211121 13:15:05.051"/>
</suite>
<statistics>
<total>
<stat pass="0" fail="1" skip="0">All Tests</stat>
</total>
<tag>
</tag>
<suite>
<stat pass="0" fail="1" skip="0" id="s1" name="Login">Login</stat>
</suite>
</statistics>
<errors>
</errors>
</robot>
